
                                        [91m())))))))))))))))/[0m                     
                                    [91m())))))))))))))))))))))))),[0m                
                                [91m*)))))))))))))))))))))))))))))))))[0m             
                        [94m#,[0m    [91m()))))))))/[0m                [91m.)))))))))),[0m          
                      [94m#%%%%,[0m  [91m())))))[0m                        [91m.))))))))*[0m        
                      [94m*%%%%%%,[0m  [91m))[0m              [93m..[0m              [91m,))))))).[0m      
                        [94m*%%%%%%,[0m         [93m***************/.[0m        [91m.)))))))[0m     
                [94m#%%/[0m      [94m(%%%%%%,[0m    [93m/*********************.[0m       [91m)))))))[0m    
              [94m.%%%%%%#[0m      [94m*%%%%%%,[0m  [93m*******/,[0m     [93m**********,[0m      [91m.))))))[0m   
                [94m.%%%%%%/[0m      [94m*%%%%%%,[0m  [93m**[0m              [93m********[0m      [91m.))))))[0m  
          [94m##[0m      [94m.%%%%%%/[0m      [94m(%%%%%%,[0m                  [93m,******[0m      [91m/)))))[0m  
        [94m%%%%%%[0m      [94m.%%%%%%#[0m      [94m*%%%%%%,[0m    [92m,/////.[0m       [93m******[0m      [91m))))))[0m 
      [94m#%[0m      [94m%%[0m      [94m.%%%%%%/[0m      [94m*%%%%%%,[0m  [92m////////,[0m      [93m*****/[0m     [91m,)))))[0m 
    [94m#%%[0m  [94m%%%[0m  [94m%%%#[0m      [94m.%%%%%%/[0m      [94m(%%%%%%,[0m  [92m///////.[0m     [93m/*****[0m      [91m))))).[0m
  [94m#%%%%.[0m      [94m%%%%%#[0m      [94m/%%%%%%*[0m      [94m#%%%%%%[0m   [92m/////)[0m     [93m******[0m      [91m))))),[0m
    [94m#%%%%##%[0m  [94m%%%#[0m      [94m.%%%%%%/[0m      [94m(%%%%%%,[0m  [92m///////.[0m     [93m/*****[0m      [91m))))).[0m
      [94m##[0m     [94m%%%[0m      [94m.%%%%%%/[0m      [94m*%%%%%%,[0m  [92m////////.[0m      [93m*****/[0m     [91m,)))))[0m 
        [94m#%%%%#[0m      [94m/%%%%%%/[0m      [94m(%%%%%%[0m      [92m/)/)//[0m       [93m******[0m      [91m))))))[0m 
          [94m##[0m      [94m.%%%%%%/[0m      [94m(%%%%%%,[0m                  [93m*******[0m      [91m))))))[0m  
                [94m.%%%%%%/[0m      [94m*%%%%%%,[0m  [93m**.[0m             [93m/*******[0m      [91m.))))))[0m  
              [94m*%%%%%%/[0m      [94m(%%%%%%[0m   [93m********/*..,*/*********[0m       [91m*))))))[0m   
                [94m#%%/[0m      [94m(%%%%%%,[0m    [93m*********************/[0m        [91m)))))))[0m    
                        [94m*%%%%%%,[0m         [93m,**************/[0m         [91m,))))))/[0m     
                      [94m(%%%%%%[0m   [91m()[0m                              [91m))))))))[0m       
                      [94m#%%%%,[0m  [91m())))))[0m                        [91m,)))))))),[0m        
                        [94m#,[0m    [91m())))))))))[0m                [91m,)))))))))).[0m          
                                 [91m()))))))))))))))))))))))))))))))/[0m             
                                    [91m())))))))))))))))))))))))).[0m                
                                         [91m())))))))))))))),[0m                     

-=# [1;94m geomeTRIC started. Version: 0.9.7.2 [0m #=-
geometric-optimize called with the following command line:
/home/b6056633/miniconda3/envs/QUBEKitdev/bin/geometric-optimize --reset --epsilon 0.0 --maxiter 350 --pdb UNK_CS.pdb --openmm UNK_CS.xml
The --reset option defaults to True and will be removed soon from the CLI.Treating the provided xml as a force field XML file
Using geometric combination rules
18 internal coordinates being used (instead of 18 Cartesians)
Internal coordinate system (atoms numbered from 1):
Distance 1-2
Distance 1-3
Distance 1-4
Distance 1-5
Distance 2-6
Angle 2-1-3
Angle 2-1-4
Angle 2-1-5
Angle 3-1-4
Angle 3-1-5
Angle 4-1-5
Angle 1-2-6
Dihedral 3-1-2-6
Dihedral 4-1-2-6
Dihedral 5-1-2-6
Translation-X 1-6
Translation-Y 1-6
Translation-Z 1-6
Rotation-A 1-6
Rotation-B 1-6
Rotation-C 1-6
<class 'geometric.internal.Distance'> : 5
<class 'geometric.internal.Angle'> : 7
<class 'geometric.internal.Dihedral'> : 3
<class 'geometric.internal.TranslationX'> : 1
<class 'geometric.internal.TranslationY'> : 1
<class 'geometric.internal.TranslationZ'> : 1
<class 'geometric.internal.RotationA'> : 1
<class 'geometric.internal.RotationB'> : 1
<class 'geometric.internal.RotationC'> : 1
Step    0 : Gradient = 2.293e-03/3.692e-03 (rms/max) Energy =  0.0047779818
Hessian Eigenvalues: 2.30000e-02 5.00000e-02 5.00000e-02 ... 3.44660e-01 3.44660e-01 3.44799e-01
Step    1 : Displace = [0m7.277e-03[0m/[0m9.211e-03[0m (rms/max) Trust = 1.000e-01 (=) Grad = [0m4.188e-04[0m/[0m6.987e-04[0m (rms/max) E (change) =  0.0047042986 ([0m-7.368e-05[0m) Quality = [0m1.225[0m
Hessian Eigenvalues: 2.29998e-02 5.00000e-02 5.00000e-02 ... 3.44660e-01 3.44752e-01 3.46284e-01
Step    2 : Displace = [0m2.581e-03[0m/[0m3.268e-03[0m (rms/max) Trust = 1.414e-01 ([92m+[0m) Grad = [92m9.762e-05[0m/[92m1.884e-04[0m (rms/max) E (change) =  0.0046991670 ([0m-5.132e-06[0m) Quality = [0m1.043[0m
Hessian Eigenvalues: 2.29983e-02 5.00000e-02 5.00000e-02 ... 3.44660e-01 3.44754e-01 3.52513e-01
Step    3 : Displace = [92m1.605e-04[0m/[92m1.863e-04[0m (rms/max) Trust = 2.000e-01 ([92m+[0m) Grad = [92m2.484e-05[0m/[92m4.936e-05[0m (rms/max) E (change) =  0.0046991029 ([92m-6.408e-08[0m) Quality = [0m1.191[0m
Converged! =D
Time elapsed since start of run_optimizer: 0.114 seconds
